c:\users\samet\source\repos\project2\project2\debug\vc142.pdb
c:\users\samet\source\repos\project2\project2\debug\vc142.idb
c:\users\samet\source\repos\project2\project2\debug\main.obj
c:\users\samet\source\repos\project2\project2\debug\utility.obj
c:\users\samet\source\repos\project2\debug\project2.pdb
c:\users\samet\source\repos\project2\project2\debug\project2.tlog\cl.command.1.tlog
c:\users\samet\source\repos\project2\project2\debug\project2.tlog\cl.read.1.tlog
c:\users\samet\source\repos\project2\project2\debug\project2.tlog\cl.write.1.tlog
c:\users\samet\source\repos\project2\project2\debug\project2.tlog\link-cvtres.read.1.tlog
c:\users\samet\source\repos\project2\project2\debug\project2.tlog\link-cvtres.write.1.tlog
c:\users\samet\source\repos\project2\project2\debug\project2.tlog\link-rc.read.1.tlog
c:\users\samet\source\repos\project2\project2\debug\project2.tlog\link-rc.write.1.tlog
c:\users\samet\source\repos\project2\project2\debug\project2.tlog\link.5576-cvtres.read.1.tlog
c:\users\samet\source\repos\project2\project2\debug\project2.tlog\link.5576-cvtres.write.1.tlog
c:\users\samet\source\repos\project2\project2\debug\project2.tlog\link.5576-rc.read.1.tlog
c:\users\samet\source\repos\project2\project2\debug\project2.tlog\link.5576-rc.write.1.tlog
c:\users\samet\source\repos\project2\project2\debug\project2.tlog\link.5576.read.1.tlog
c:\users\samet\source\repos\project2\project2\debug\project2.tlog\link.5576.write.1.tlog
c:\users\samet\source\repos\project2\project2\debug\project2.tlog\link.command.1.tlog
c:\users\samet\source\repos\project2\project2\debug\project2.tlog\link.read.1.tlog
c:\users\samet\source\repos\project2\project2\debug\project2.tlog\link.write.1.tlog
